<?xml version="1.0" encoding="utf-8"?><testsuites name="pytest tests"><testsuite name="pytest" errors="0" failures="0" skipped="0" tests="30" time="44.003" timestamp="2026-08-08T11:55:44.105808+00:00" hostname="agent-env-2a8bf8ef-3da9-4e6b-acef-eb6998ed83ec"><testcase classname="tests.backend_test" name="test_login_ok" time="0.796" /><testcase classname="tests.backend_test" name="test_login_bad_password" time="0.551" /><testcase classname="tests.backend_test" name="test_me" time="0.870" /><testcase classname="tests.backend_test" name="test_dashboard_summary" time="3.153" /><testcase classname="tests.backend_test" name="test_list_endpoints[/api/products-81]" time="0.711" /><testcase classname="tests.backend_test" name="test_list_endpoints[/api/customers-161]" time="0.721" /><testcase classname="tests.backend_test" name="test_list_endpoints[/api/suppliers-None]" time="0.484" /><testcase classname="tests.backend_test" name="test_list_endpoints[/api/hp-prices-None]" time="0.733" /><testcase classname="tests.backend_test" name="test_list_endpoints[/api/service-prices-None]" time="0.728" /><testcase classname="tests.backend_test" name="test_list_endpoints[/api/services-None]" time="0.485" /><testcase classname="tests.backend_test" name="test_list_endpoints[/api/expenses-None]" time="0.484" /><testcase classname="tests.backend_test" name="test_list_endpoints[/api/debts-None]" time="0.484" /><testcase classname="tests.backend_test" name="test_list_endpoints[/api/attendance-None]" time="0.486" /><testcase classname="tests.backend_test" name="test_list_endpoints[/api/ppob-None]" time="0.547" /><testcase classname="tests.backend_test" name="test_list_endpoints[/api/tasks-None]" time="0.486" /><testcase classname="tests.backend_test" name="test_list_endpoints[/api/content-posts-None]" time="0.716" /><testcase classname="tests.backend_test" name="test_list_endpoints[/api/staff-None]" time="0.527" /><testcase classname="tests.backend_test" name="test_list_endpoints[/api/stock/movements-None]" time="0.487" /><testcase classname="tests.backend_test" name="test_list_endpoints[/api/stock/opname-None]" time="0.484" /><testcase classname="tests.backend_test" name="test_list_endpoints[/api/purchases-None]" time="0.484" /><testcase classname="tests.backend_test" name="test_list_endpoints[/api/sales-None]" time="0.485" /><testcase classname="tests.backend_test" name="test_hp_prices_count" time="0.732" /><testcase classname="tests.backend_test" name="test_service_prices_count" time="0.722" /><testcase classname="tests.backend_test" name="test_report_pl" time="1.421" /><testcase classname="tests.backend_test" name="test_performance_summary" time="11.614" /><testcase classname="tests.backend_test" name="test_no_auth_rejected" time="0.123" /><testcase classname="tests.backend_test" name="test_report_pl_expanded_fields" time="1.392" /><testcase classname="tests.backend_test" name="test_dashboard_has_top_content" time="3.158" /><testcase classname="tests.backend_test" name="test_content_post_lifecycle" time="8.971" /><testcase classname="tests.backend_test" name="test_products_have_image_url_field" time="0.489" /></testsuite></testsuites>