<?xml version="1.0" encoding="utf-8"?><testsuites name="pytest tests"><testsuite name="pytest" errors="0" failures="1" skipped="0" tests="26" time="34.918" timestamp="2026-08-08T11:22:04.697612+00:00" hostname="agent-env-2a8bf8ef-3da9-4e6b-acef-eb6998ed83ec"><testcase classname="tests.backend_test" name="test_login_ok" time="0.678" /><testcase classname="tests.backend_test" name="test_login_bad_password" time="0.545" /><testcase classname="tests.backend_test" name="test_me" time="0.879" /><testcase classname="tests.backend_test" name="test_dashboard_summary" time="3.375" /><testcase classname="tests.backend_test" name="test_list_endpoints[/api/products-81]" time="0.938" /><testcase classname="tests.backend_test" name="test_list_endpoints[/api/customers-161]" time="1.415" /><testcase classname="tests.backend_test" name="test_list_endpoints[/api/suppliers-None]" time="0.938" /><testcase classname="tests.backend_test" name="test_list_endpoints[/api/hp-prices-None]" time="1.819" /><testcase classname="tests.backend_test" name="test_list_endpoints[/api/service-prices-None]" time="1.597" /><testcase classname="tests.backend_test" name="test_list_endpoints[/api/services-None]" time="0.485" /><testcase classname="tests.backend_test" name="test_list_endpoints[/api/expenses-None]" time="0.484" /><testcase classname="tests.backend_test" name="test_list_endpoints[/api/debts-None]" time="0.485" /><testcase classname="tests.backend_test" name="test_list_endpoints[/api/attendance-None]" time="0.715" /><testcase classname="tests.backend_test" name="test_list_endpoints[/api/ppob-None]" time="0.489" /><testcase classname="tests.backend_test" name="test_list_endpoints[/api/tasks-None]" time="0.483" /><testcase classname="tests.backend_test" name="test_list_endpoints[/api/content-posts-None]" time="1.154" /><testcase classname="tests.backend_test" name="test_list_endpoints[/api/staff-None]" time="0.489" /><testcase classname="tests.backend_test" name="test_list_endpoints[/api/stock/movements-None]" time="0.521" /><testcase classname="tests.backend_test" name="test_list_endpoints[/api/stock/opname-None]" time="0.558" /><testcase classname="tests.backend_test" name="test_list_endpoints[/api/purchases-None]" time="0.488" /><testcase classname="tests.backend_test" name="test_list_endpoints[/api/sales-None]" time="0.487" /><testcase classname="tests.backend_test" name="test_hp_prices_count" time="1.156" /><testcase classname="tests.backend_test" name="test_service_prices_count" time="1.375" /><testcase classname="tests.backend_test" name="test_report_pl" time="0.050"><failure message="assert 404 == 200&#10; +  where 404 = &lt;Response [404]&gt;.status_code">backend/tests/backend_test.py:119: in test_report_pl
    assert r.status_code == 200
E   assert 404 == 200
E    +  where 404 = &lt;Response [404]&gt;.status_code</failure></testcase><testcase classname="tests.backend_test" name="test_performance_summary" time="12.441" /><testcase classname="tests.backend_test" name="test_no_auth_rejected" time="0.168" /></testsuite></testsuites>