<?xml version="1.0" encoding="utf-8"?><testsuites name="pytest tests"><testsuite name="pytest" errors="0" failures="0" skipped="0" tests="12" time="16.898" timestamp="2026-08-08T19:29:59.222581+00:00" hostname="agent-env-2a8bf8ef-3da9-4e6b-acef-eb6998ed83ec"><testcase classname="tests.test_rbac_shifts_stock" name="test_staff_forbidden_profit_loss" time="1.027" /><testcase classname="tests.test_rbac_shifts_stock" name="test_staff_forbidden_performance" time="0.281" /><testcase classname="tests.test_rbac_shifts_stock" name="test_staff_forbidden_activity_logs" time="0.275" /><testcase classname="tests.test_rbac_shifts_stock" name="test_dashboard_profit_stripped_for_staff" time="3.186" /><testcase classname="tests.test_rbac_shifts_stock" name="test_dashboard_profit_present_for_owner" time="3.832" /><testcase classname="tests.test_rbac_shifts_stock" name="test_sales_profit_stripped_for_staff" time="0.503" /><testcase classname="tests.test_rbac_shifts_stock" name="test_sales_profit_present_for_owner" time="0.495" /><testcase classname="tests.test_rbac_shifts_stock" name="test_activity_logs_owner" time="0.491" /><testcase classname="tests.test_rbac_shifts_stock" name="test_stock_analysis[30]" time="0.712" /><testcase classname="tests.test_rbac_shifts_stock" name="test_stock_analysis[60]" time="0.493" /><testcase classname="tests.test_rbac_shifts_stock" name="test_stock_analysis[90]" time="0.491" /><testcase classname="tests.test_rbac_shifts_stock" name="test_shift_open_close_flow" time="4.792" /></testsuite></testsuites>